<?xml version="1.0" encoding="UTF-8"?>
<!-- Generated by org.testng.reporters.JUnitReportReporter -->
<testsuite hostname="DESKTOP-6E0HKNN" failures="0" tests="2" name="com.dev.tests.LandingPageTest" time="12.916" errors="0" timestamp="2021-11-16T00:51:21 EST" skipped="0">
  <testcase classname="com.dev.tests.LandingPageTest" name="landingPageTitleTest" time="3.716"/>
  <system-out/>
  <testcase classname="com.dev.tests.LandingPageTest" name="enterLoginPageTest" time="9.200"/>
  <system-out/>
</testsuite> <!-- com.dev.tests.LandingPageTest -->
